<?xml version="1.0" encoding="UTF-8"?>
<testng-results ignored="0" total="1" passed="1" failed="0" skipped="0">
  <reporter-output>
  </reporter-output>
  <suite started-at="2024-08-04T18:52:58 IST" name="MyntraAutomationSuite" finished-at="2024-08-04T19:12:15 IST" duration-ms="1156776">
    <groups>
    </groups>
    <test started-at="2024-08-04T18:52:58 IST" name="MyntraAutomationTest" finished-at="2024-08-04T19:12:15 IST" duration-ms="1156776">
      <class name="Myntraautomation.LoginTest">
        <test-method is-config="true" signature="setUp()[pri:0, instance:Myntraautomation.LoginTest@71ba6d4e]" started-at="2024-08-04T18:52:58 IST" name="setUp" finished-at="2024-08-04T18:53:02 IST" duration-ms="3879" status="PASS">
          <reporter-output>
          </reporter-output>
        </test-method> <!-- setUp -->
        <test-method signature="user_enters_username_and_password()[pri:0, instance:Myntraautomation.LoginTest@71ba6d4e]" started-at="2024-08-04T18:53:02 IST" name="user_enters_username_and_password" finished-at="2024-08-04T19:12:15 IST" duration-ms="1152666" status="PASS">
          <reporter-output>
          </reporter-output>
        </test-method> <!-- user_enters_username_and_password -->
        <test-method is-config="true" signature="tearDown()[pri:0, instance:Myntraautomation.LoginTest@71ba6d4e]" started-at="2024-08-04T19:12:15 IST" name="tearDown" finished-at="2024-08-04T19:12:15 IST" duration-ms="180" status="PASS">
          <reporter-output>
          </reporter-output>
        </test-method> <!-- tearDown -->
      </class> <!-- Myntraautomation.LoginTest -->
    </test> <!-- MyntraAutomationTest -->
  </suite> <!-- MyntraAutomationSuite -->
</testng-results>
